current directory: /home/henrique/DRIVE/alura/cursos/ruby/lojavirtual/path/ruby/gems/byebug-9.0.6/ext/byebug
/usr/bin/ruby -r ./siteconf20161024-18871-13bx8m.rb extconf.rb 
creating Makefile

current directory: /home/henrique/DRIVE/alura/cursos/ruby/lojavirtual/path/ruby/gems/byebug-9.0.6/ext/byebug
make "DESTDIR=" clean
rm -f 
rm -f byebug.so  *.o  *.bak mkmf.log .*.time

current directory: /home/henrique/DRIVE/alura/cursos/ruby/lojavirtual/path/ruby/gems/byebug-9.0.6/ext/byebug
make "DESTDIR="
gcc -I. -I/usr/include -I/usr/include/ruby/backward -I/usr/include -I.   -fPIC -O2 -g -pipe -Wall -Werror=format-security -Wp,-D_FORTIFY_SOURCE=2 -fexceptions -fstack-protector-strong --param=ssp-buffer-size=4 -grecord-gcc-switches -mtune=generic -fPIC -m64 -o breakpoint.o -c breakpoint.c
gcc -I. -I/usr/include -I/usr/include/ruby/backward -I/usr/include -I.   -fPIC -O2 -g -pipe -Wall -Werror=format-security -Wp,-D_FORTIFY_SOURCE=2 -fexceptions -fstack-protector-strong --param=ssp-buffer-size=4 -grecord-gcc-switches -mtune=generic -fPIC -m64 -o threads.o -c threads.c
gcc -I. -I/usr/include -I/usr/include/ruby/backward -I/usr/include -I.   -fPIC -O2 -g -pipe -Wall -Werror=format-security -Wp,-D_FORTIFY_SOURCE=2 -fexceptions -fstack-protector-strong --param=ssp-buffer-size=4 -grecord-gcc-switches -mtune=generic -fPIC -m64 -o context.o -c context.c
gcc -I. -I/usr/include -I/usr/include/ruby/backward -I/usr/include -I.   -fPIC -O2 -g -pipe -Wall -Werror=format-security -Wp,-D_FORTIFY_SOURCE=2 -fexceptions -fstack-protector-strong --param=ssp-buffer-size=4 -grecord-gcc-switches -mtune=generic -fPIC -m64 -o byebug.o -c byebug.c
gcc -I. -I/usr/include -I/usr/include/ruby/backward -I/usr/include -I.   -fPIC -O2 -g -pipe -Wall -Werror=format-security -Wp,-D_FORTIFY_SOURCE=2 -fexceptions -fstack-protector-strong --param=ssp-buffer-size=4 -grecord-gcc-switches -mtune=generic -fPIC -m64 -o locker.o -c locker.c
rm -f byebug.so
gcc -shared -o byebug.so breakpoint.o threads.o context.o byebug.o locker.o -L. -L/usr/lib64 -L. -Wl,-z,relro -fstack-protector -rdynamic -Wl,-export-dynamic  -m64  -lruby  -lpthread -ldl -lcrypt -lm   -lc

current directory: /home/henrique/DRIVE/alura/cursos/ruby/lojavirtual/path/ruby/gems/byebug-9.0.6/ext/byebug
make "DESTDIR=" install
/usr/bin/mkdir -p . ./.gem.20161024-18871-1qlqgha/byebug
exit > .RUBYARCHDIR.-.byebug.time
/usr/bin/install -c -m 0755 byebug.so ./.gem.20161024-18871-1qlqgha/byebug
