current directory: /home/henrique/DRIVE/alura/cursos/ruby/lojavirtual/path/ruby/gems/puma-3.6.0/ext/puma_http11
/usr/bin/ruby -r ./siteconf20161024-18871-1vizb82.rb extconf.rb 
checking for BIO_read() in -lcrypto... yes
checking for SSL_CTX_new() in -lssl... yes
checking for openssl/bio.h... yes
creating Makefile

To see why this extension failed to compile, please check the mkmf.log which can be found here:

  /home/henrique/DRIVE/alura/cursos/ruby/lojavirtual/path/ruby/extensions/x86_64-linux/puma-3.6.0/mkmf.log

current directory: /home/henrique/DRIVE/alura/cursos/ruby/lojavirtual/path/ruby/gems/puma-3.6.0/ext/puma_http11
make "DESTDIR=" clean
rm -f 
rm -f puma_http11.so  *.o  *.bak mkmf.log .*.time

current directory: /home/henrique/DRIVE/alura/cursos/ruby/lojavirtual/path/ruby/gems/puma-3.6.0/ext/puma_http11
make "DESTDIR="
gcc -I. -I/usr/include -I/usr/include/ruby/backward -I/usr/include -I. -DHAVE_OPENSSL_BIO_H    -fPIC -O2 -g -pipe -Wall -Werror=format-security -Wp,-D_FORTIFY_SOURCE=2 -fexceptions -fstack-protector-strong --param=ssp-buffer-size=4 -grecord-gcc-switches -mtune=generic -fPIC -m64 -o mini_ssl.o -c mini_ssl.c
gcc -I. -I/usr/include -I/usr/include/ruby/backward -I/usr/include -I. -DHAVE_OPENSSL_BIO_H    -fPIC -O2 -g -pipe -Wall -Werror=format-security -Wp,-D_FORTIFY_SOURCE=2 -fexceptions -fstack-protector-strong --param=ssp-buffer-size=4 -grecord-gcc-switches -mtune=generic -fPIC -m64 -o http11_parser.o -c http11_parser.c
gcc -I. -I/usr/include -I/usr/include/ruby/backward -I/usr/include -I. -DHAVE_OPENSSL_BIO_H    -fPIC -O2 -g -pipe -Wall -Werror=format-security -Wp,-D_FORTIFY_SOURCE=2 -fexceptions -fstack-protector-strong --param=ssp-buffer-size=4 -grecord-gcc-switches -mtune=generic -fPIC -m64 -o io_buffer.o -c io_buffer.c
gcc -I. -I/usr/include -I/usr/include/ruby/backward -I/usr/include -I. -DHAVE_OPENSSL_BIO_H    -fPIC -O2 -g -pipe -Wall -Werror=format-security -Wp,-D_FORTIFY_SOURCE=2 -fexceptions -fstack-protector-strong --param=ssp-buffer-size=4 -grecord-gcc-switches -mtune=generic -fPIC -m64 -o puma_http11.o -c puma_http11.c
rm -f puma_http11.so
gcc -shared -o puma_http11.so mini_ssl.o http11_parser.o io_buffer.o puma_http11.o -L. -L/usr/lib64 -L. -Wl,-z,relro -fstack-protector -rdynamic -Wl,-export-dynamic  -m64  -lruby -lssl -lcrypto  -lpthread -ldl -lcrypt -lm   -lc

current directory: /home/henrique/DRIVE/alura/cursos/ruby/lojavirtual/path/ruby/gems/puma-3.6.0/ext/puma_http11
make "DESTDIR=" install
/usr/bin/mkdir -p . ./.gem.20161024-18871-bwh6r0/puma
exit > .RUBYARCHDIR.-.puma.time
/usr/bin/install -c -m 0755 puma_http11.so ./.gem.20161024-18871-bwh6r0/puma
